info it worked if it ends with ok
verbose cli [ 'node', '/usr/bin/npm', 'install', '-g', 'phantomjs' ]
info using npm@1.1.4
info using node@v0.6.12
verbose config file /home/rohspeed/.npmrc
verbose config file /usr/etc/npmrc
verbose config file /usr/share/npm/npmrc
silly exec /usr/bin/node "/usr/share/npm/bin/npm-get-uid-gid.js" "nobody" 1000
silly spawning [ '/usr/bin/node',
silly spawning   [ '/usr/share/npm/bin/npm-get-uid-gid.js', 'nobody', 1000 ],
silly spawning   null ]
silly output from getuid/gid {"uid":65534,"gid":1000}
silly output from getuid/gid 
verbose cache add [ 'phantomjs', null ]
silly cache add: name, spec, args [ undefined, 'phantomjs', [ 'phantomjs', null ] ]
verbose parsed url { pathname: 'phantomjs', path: 'phantomjs', href: 'phantomjs' }
verbose addNamed [ 'phantomjs', '' ]
verbose addNamed [ null, '' ]
silly name, range, hasData [ 'phantomjs', '', false ]
verbose raw, before any munging phantomjs
verbose url resolving [ 'https://registry.npmjs.org/', './phantomjs' ]
verbose url resolved https://registry.npmjs.org/phantomjs
http GET https://registry.npmjs.org/phantomjs
ERR! Error: failed to fetch from registry: phantomjs
ERR!     at /usr/share/npm/lib/utils/npm-registry-client/get.js:139:12
ERR!     at cb (/usr/share/npm/lib/utils/npm-registry-client/request.js:31:9)
ERR!     at Request._callback (/usr/share/npm/lib/utils/npm-registry-client/request.js:136:18)
ERR!     at Request.callback (/usr/lib/nodejs/request/main.js:119:22)
ERR!     at Request.<anonymous> (/usr/lib/nodejs/request/main.js:212:58)
ERR!     at Request.emit (events.js:88:20)
ERR!     at ClientRequest.<anonymous> (/usr/lib/nodejs/request/main.js:209:10)
ERR!     at ClientRequest.emit (events.js:67:17)
ERR!     at ClientRequest.onError (/usr/lib/nodejs/request/tunnel.js:164:21)
ERR!     at ClientRequest.g (events.js:156:14)
ERR! You may report this log at:
ERR!     <http://bugs.debian.org/npm>
ERR! or use
ERR!     reportbug --attach /home/rohspeed/Algorithms/Fun/npm-debug.log npm
ERR! 
ERR! System Linux 3.2.0-29-generic
ERR! command "node" "/usr/bin/npm" "install" "-g" "phantomjs"
ERR! cwd /home/rohspeed/Algorithms/Fun
ERR! node -v v0.6.12
ERR! npm -v 1.1.4
ERR! message failed to fetch from registry: phantomjs
verbose exit [ 1, true ]
